0 info it worked if it ends with ok
1 verbose cli [ '/usr/bin/nodejs',
1 verbose cli   '/usr/bin/npm',
1 verbose cli   'install',
1 verbose cli   'react-router-dom' ]
2 info using npm@1.4.21
3 info using node@v0.10.29
4 warn package.json camel-case@3.0.0 No README data
5 warn package.json copy-descriptor@0.1.1 No README data
6 warn package.json de-indent@1.0.2 No README data
7 warn package.json dom-serializer@0.1.0 No README data
8 warn package.json estraverse@4.2.0 No README data
9 warn package.json get-value@2.0.6 No README data
10 warn package.json is-natural-number@2.1.1 No README data
11 warn package.json jsesc@1.3.0 No README data
12 warn package.json object-copy@0.1.0 No README data
13 warn package.json path-is-inside@1.0.2 No README data
14 warn package.json static-extend@0.1.2 No README data
15 warn package.json setimmediate@1.0.5 No README data
16 warn package.json dotenv-expand@4.2.0 No repository field.
17 warn package.json indexof@0.0.1 No repository field.
18 warn package.json rework-visit@1.0.0 No repository field.
19 warn package.json vue-template-es2015-compiler@1.6.0 No repository field.
20 verbose readDependencies using package.json deps
21 verbose cache add [ 'react-router-dom@^4.3.1', null ]
22 verbose cache add name=undefined spec="react-router-dom@^4.3.1" args=["react-router-dom@^4.3.1",null]
23 verbose parsed url { protocol: null,
23 verbose parsed url   slashes: null,
23 verbose parsed url   auth: null,
23 verbose parsed url   host: null,
23 verbose parsed url   port: null,
23 verbose parsed url   hostname: null,
23 verbose parsed url   hash: null,
23 verbose parsed url   search: null,
23 verbose parsed url   query: null,
23 verbose parsed url   pathname: 'react-router-dom@^4.3.1',
23 verbose parsed url   path: 'react-router-dom@^4.3.1',
23 verbose parsed url   href: 'react-router-dom@^4.3.1' }
24 verbose cache add name="react-router-dom" spec="^4.3.1" args=["react-router-dom","^4.3.1"]
25 verbose parsed url { protocol: null,
25 verbose parsed url   slashes: null,
25 verbose parsed url   auth: null,
25 verbose parsed url   host: null,
25 verbose parsed url   port: null,
25 verbose parsed url   hostname: null,
25 verbose parsed url   hash: null,
25 verbose parsed url   search: null,
25 verbose parsed url   query: null,
25 verbose parsed url   pathname: '^4.3.1',
25 verbose parsed url   path: '^4.3.1',
25 verbose parsed url   href: '^4.3.1' }
26 verbose addNamed [ 'react-router-dom', '^4.3.1' ]
27 verbose addNamed [ null, '>=4.3.1-0 <5.0.0-0' ]
28 silly makeCacheDir cache dir uid, gid [ 0, 0 ]
29 silly lockFile eca0ae66-react-router-dom-4-3-1 react-router-dom@^4.3.1
30 verbose lock react-router-dom@^4.3.1 /root/.npm/eca0ae66-react-router-dom-4-3-1.lock
31 silly addNameRange { name: 'react-router-dom',
31 silly addNameRange   range: '>=4.3.1-0 <5.0.0-0',
31 silly addNameRange   hasData: false }
32 verbose request where is /react-router-dom
33 verbose request registry https://registry.npmjs.org/
34 verbose request id aee8b0a1a31dca5b
35 verbose url raw /react-router-dom
36 verbose url resolving [ 'https://registry.npmjs.org/', './react-router-dom' ]
37 verbose url resolved https://registry.npmjs.org/react-router-dom
38 verbose request where is https://registry.npmjs.org/react-router-dom
39 info trying registry request attempt 1 at 03:28:50
40 http GET https://registry.npmjs.org/react-router-dom
41 http 200 https://registry.npmjs.org/react-router-dom
42 silly registry.get cb [ 200,
42 silly registry.get   { date: 'Thu, 13 Dec 2018 03:39:41 GMT',
42 silly registry.get     'content-type': 'application/json',
42 silly registry.get     'transfer-encoding': 'chunked',
42 silly registry.get     connection: 'keep-alive',
42 silly registry.get     'set-cookie': [ '__cfduid=d02d6a73b47671cd64f29ba2cc3ceb5a21544672381; expires=Fri, 13-Dec-19 03:39:41 GMT; path=/; domain=.registry.npmjs.org; HttpOnly' ],
42 silly registry.get     'cf-cache-status': 'HIT',
42 silly registry.get     'cache-control': 'max-age=300',
42 silly registry.get     'cf-ray': '488567b24da09991-LAX',
42 silly registry.get     etag: 'W/"b96705a72373570dcafe1b4906b929ef"',
42 silly registry.get     'expect-ct': 'max-age=604800, report-uri="https://report-uri.cloudflare.com/cdn-cgi/beacon/expect-ct"',
42 silly registry.get     'last-modified': 'Thu, 01 Nov 2018 16:40:04 GMT',
42 silly registry.get     vary: 'accept-encoding, accept',
42 silly registry.get     'x-amz-meta-rev': '129-f5c24834aacdcae3d5b83eb3dfc2fb1c',
42 silly registry.get     server: 'cloudflare',
42 silly registry.get     'content-encoding': 'gzip' } ]
43 silly addNameRange number 2 { name: 'react-router-dom',
43 silly addNameRange   range: '>=4.3.1-0 <5.0.0-0',
43 silly addNameRange   hasData: true }
44 silly addNameRange versions [ 'react-router-dom',
44 silly addNameRange   [ '0.0.0',
44 silly addNameRange     '4.0.0-beta.1',
44 silly addNameRange     '4.0.0-beta.2',
44 silly addNameRange     '4.0.0-beta.3',
44 silly addNameRange     '4.0.0-beta.4',
44 silly addNameRange     '4.0.0-beta.5',
44 silly addNameRange     '4.0.0-beta.6',
44 silly addNameRange     '4.0.0-beta.7',
44 silly addNameRange     '4.0.0-beta.8',
44 silly addNameRange     '4.0.0',
44 silly addNameRange     '4.1.0',
44 silly addNameRange     '4.1.1',
44 silly addNameRange     '4.1.2',
44 silly addNameRange     '4.2.0',
44 silly addNameRange     '4.2.1',
44 silly addNameRange     '4.2.2',
44 silly addNameRange     '4.3.0-rc.1',
44 silly addNameRange     '4.3.0-rc.2',
44 silly addNameRange     '4.3.0-rc.3',
44 silly addNameRange     '4.3.0',
44 silly addNameRange     '4.3.1',
44 silly addNameRange     '4.4.0-alpha.0',
44 silly addNameRange     '4.4.0-alpha.1',
44 silly addNameRange     '4.4.0-beta.0',
44 silly addNameRange     '4.4.0-beta.1',
44 silly addNameRange     '4.4.0-beta.2',
44 silly addNameRange     '4.4.0-beta.3',
44 silly addNameRange     '4.4.0-beta.4',
44 silly addNameRange     '4.4.0-beta.5',
44 silly addNameRange     '4.4.0-beta.6' ] ]
45 verbose addNamed [ 'react-router-dom', '4.3.1' ]
46 verbose addNamed [ '4.3.1', '4.3.1' ]
47 silly lockFile 1017c499-react-router-dom-4-3-1 react-router-dom@4.3.1
48 verbose lock react-router-dom@4.3.1 /root/.npm/1017c499-react-router-dom-4-3-1.lock
49 silly lockFile ce232767-r-dom-react-router-dom-4-3-1-tgz https://registry.npmjs.org/react-router-dom/-/react-router-dom-4.3.1.tgz
50 verbose lock https://registry.npmjs.org/react-router-dom/-/react-router-dom-4.3.1.tgz /root/.npm/ce232767-r-dom-react-router-dom-4-3-1-tgz.lock
51 verbose addRemoteTarball [ 'https://registry.npmjs.org/react-router-dom/-/react-router-dom-4.3.1.tgz',
51 verbose addRemoteTarball   '4c2619fc24c4fa87c9fd18f4fb4a43fe63fbd5c6' ]
52 info retry fetch attempt 1 at 03:28:50
53 verbose fetch to= /tmp/npm-2394-x_zs19V0/registry.npmjs.org/react-router-dom/-/react-router-dom-4.3.1.tgz
54 http GET https://registry.npmjs.org/react-router-dom/-/react-router-dom-4.3.1.tgz
55 http 200 https://registry.npmjs.org/react-router-dom/-/react-router-dom-4.3.1.tgz
56 silly lockFile ce232767-r-dom-react-router-dom-4-3-1-tgz https://registry.npmjs.org/react-router-dom/-/react-router-dom-4.3.1.tgz
57 silly lockFile ce232767-r-dom-react-router-dom-4-3-1-tgz https://registry.npmjs.org/react-router-dom/-/react-router-dom-4.3.1.tgz
58 silly lockFile 1017c499-react-router-dom-4-3-1 react-router-dom@4.3.1
59 silly lockFile 1017c499-react-router-dom-4-3-1 react-router-dom@4.3.1
60 silly lockFile eca0ae66-react-router-dom-4-3-1 react-router-dom@^4.3.1
61 silly lockFile eca0ae66-react-router-dom-4-3-1 react-router-dom@^4.3.1
62 silly resolved [ { name: 'react-router-dom',
62 silly resolved     version: '4.3.1',
62 silly resolved     description: 'DOM bindings for React Router',
62 silly resolved     repository:
62 silly resolved      { type: 'git',
62 silly resolved        url: 'git+https://github.com/ReactTraining/react-router.git' },
62 silly resolved     license: 'MIT',
62 silly resolved     authors: [ 'Michael Jackson', 'Ryan Florence' ],
62 silly resolved     files:
62 silly resolved      [ 'BrowserRouter.js',
62 silly resolved        'HashRouter.js',
62 silly resolved        'Link.js',
62 silly resolved        'MemoryRouter.js',
62 silly resolved        'NavLink.js',
62 silly resolved        'Prompt.js',
62 silly resolved        'Redirect.js',
62 silly resolved        'Route.js',
62 silly resolved        'Router.js',
62 silly resolved        'StaticRouter.js',
62 silly resolved        'Switch.js',
62 silly resolved        'es',
62 silly resolved        'index.js',
62 silly resolved        'generatePath.js',
62 silly resolved        'matchPath.js',
62 silly resolved        'withRouter.js',
62 silly resolved        'umd' ],
62 silly resolved     main: 'index.js',
62 silly resolved     module: 'es/index.js',
62 silly resolved     sideEffects: false,
62 silly resolved     scripts:
62 silly resolved      { build: 'node ./tools/build.js',
62 silly resolved        watch: 'babel ./modules -d . --ignore __tests__ --watch',
62 silly resolved        prepublishOnly: 'node ./tools/build.js',
62 silly resolved        clean: 'git clean -fdX .',
62 silly resolved        lint: 'eslint modules',
62 silly resolved        test: 'jest' },
62 silly resolved     peerDependencies: { react: '>=15' },
62 silly resolved     dependencies:
62 silly resolved      { history: '^4.7.2',
62 silly resolved        invariant: '^2.2.4',
62 silly resolved        'loose-envify': '^1.3.1',
62 silly resolved        'prop-types': '^15.6.1',
62 silly resolved        'react-router': '^4.3.1',
62 silly resolved        warning: '^4.0.1' },
62 silly resolved     devDependencies:
62 silly resolved      { 'babel-cli': '^6.26.0',
62 silly resolved        'babel-eslint': '^8.2.3',
62 silly resolved        'babel-jest': '^23.0.1',
62 silly resolved        'babel-plugin-dev-expression': '^0.2.1',
62 silly resolved        'babel-plugin-external-helpers': '^6.22.0',
62 silly resolved        'babel-plugin-transform-imports': '^1.5.0',
62 silly resolved        'babel-plugin-transform-react-remove-prop-types': '^0.4.13',
62 silly resolved        'babel-preset-es2015': '^6.14.0',
62 silly resolved        'babel-preset-react': '^6.5.0',
62 silly resolved        'babel-preset-stage-1': '^6.5.0',
62 silly resolved        eslint: '^4.19.1',
62 silly resolved        'eslint-plugin-import': '^2.12.0',
62 silly resolved        'eslint-plugin-react': '^7.9.1',
62 silly resolved        'gzip-size': '^4.1.0',
62 silly resolved        jest: '^23.1.0',
62 silly resolved        'pretty-bytes': '^5.0.0',
62 silly resolved        raf: '^3.4.0',
62 silly resolved        react: '^16.4.0',
62 silly resolved        'react-addons-test-utils': '^15.6.2',
62 silly resolved        'react-dom': '^16.4.0',
62 silly resolved        rollup: '^0.60.0',
62 silly resolved        'rollup-plugin-babel': '^3.0.4',
62 silly resolved        'rollup-plugin-commonjs': '^9.1.3',
62 silly resolved        'rollup-plugin-node-resolve': '^3.3.0',
62 silly resolved        'rollup-plugin-replace': '^2.0.0',
62 silly resolved        'rollup-plugin-uglify': '^3.0.0' },
62 silly resolved     browserify: { transform: [Object] },
62 silly resolved     jest: { setupFiles: [Object] },
62 silly resolved     keywords: [ 'react', 'router', 'route', 'routing', 'history', 'link' ],
62 silly resolved     bugs: { url: 'https://github.com/ReactTraining/react-router/issues' },
62 silly resolved     homepage: 'https://github.com/ReactTraining/react-router#readme',
62 silly resolved     _id: 'react-router-dom@4.3.1',
62 silly resolved     _npmVersion: '6.1.0',
62 silly resolved     _nodeVersion: '10.3.0',
62 silly resolved     _npmUser: { name: 'timdorr', email: 'timdorr@timdorr.com' },
62 silly resolved     dist:
62 silly resolved      { integrity: 'sha512-c/MlywfxDdCp7EnB7YfPMOfMD3tOtIjrQlj/CKfNMBxdmpJP8xcz5P/UAFn3JbnQCNUxsHyVVqllF9LhgVyFCA==',
62 silly resolved        shasum: '4c2619fc24c4fa87c9fd18f4fb4a43fe63fbd5c6',
62 silly resolved        tarball: 'https://registry.npmjs.org/react-router-dom/-/react-router-dom-4.3.1.tgz',
62 silly resolved        fileCount: 35,
62 silly resolved        unpackedSize: 203162,
62 silly resolved        'npm-signature': '-----BEGIN PGP SIGNATURE-----\r\nVersion: OpenPGP.js v3.0.4\r\nComment: https://openpgpjs.org\r\n\r\nwsFcBAEBCAAQBQJbGDW3CRA9TVsSAnZWagAApzgP/itfO9QnPyw1F/eAUSw8\nznnGYFttmXsoAif2ZweNLQoBhvFxU5kbOhs2q2TOwpDAUHA+02au06yLakH1\nBjbMowZV0lzaHvmVtMG045eXHUD9Vq1RTMRYIxxtQz1es3GU5NocI/oP0mVM\ny38VjQOBs2Uv7KGEAFaJO4koiqXJbiqWK4EnSBsUYnVO8Xl0mM23O/CcY5Ss\nf3STAEEN9t/bxn+IefyXqqPa1ol5UTg9BFos7q3xQ5sDT0NQYvFumn0A675e\ninp5ANAcpGDeHTie+ae1wg3npYPaJC6wLJngalOrolQr5GU4OEUOdi4Ioel9\nkn5udPBesdYt0SmvntOO8K7gEsdIeNtj0HAPx3MQDWPOkIXqpoWRR2UqGY+o\nCotg8kC4l5yzieh2+e/UZ/sDJiHq/aZjNscT8NaTLoaIaA2OxOeKNiCeM7I0\n9UDAPDAGmrjWYrTHmsDZdosG8VGACZkcl9GstNhNDCd6Y7F/eqkWCOIOIg3E\n/CBWqF1f+VNJo3V5M8CB+W5iCzx4K5Rf706YepUYNfaSFxOzP+4p8X6qBCRU\nL7j6RLfOLF6YpvmRIrsyPuB/AnZBzNc48ljP0QqdjaAz95TdD+16DxvDEk5j\nZAXzGlCdBdsmKN8/cz0k+oFuiRq2biSDaFjsGyELdTA0Z2hE0XAXpH1eiU7i\ndlPj\r\n=+2QI\r\n-----END PGP SIGNATURE-----\r\n' },
62 silly resolved     maintainers: [ [Object], [Object] ],
62 silly resolved     directories: {},
62 silly resolved     _npmOperationalInternal:
62 silly resolved      { host: 's3://npm-registry-packages',
62 silly resolved        tmp: 'tmp/react-router-dom_4.3.1_1528313271320_0.9367384254151832' },
62 silly resolved     _hasShrinkwrap: false,
62 silly resolved     _shasum: '4c2619fc24c4fa87c9fd18f4fb4a43fe63fbd5c6',
62 silly resolved     _from: 'react-router-dom@^4.3.1',
62 silly resolved     _resolved: 'https://registry.npmjs.org/react-router-dom/-/react-router-dom-4.3.1.tgz' } ]
63 info install react-router-dom@4.3.1 into /var/www/html
64 info installOne react-router-dom@4.3.1
65 verbose node_modules/react-router-dom unbuild
66 info preuninstall react-router-dom@4.3.1
67 info uninstall react-router-dom@4.3.1
68 verbose true,/var/www/html/node_modules,/var/www/html/node_modules unbuild react-router-dom@4.3.1
69 info postuninstall react-router-dom@4.3.1
70 verbose tar unpack /root/.npm/react-router-dom/4.3.1/package.tgz
71 silly lockFile 902c0228-ml-node-modules-react-router-dom tar:///var/www/html/node_modules/react-router-dom
72 verbose lock tar:///var/www/html/node_modules/react-router-dom /root/.npm/902c0228-ml-node-modules-react-router-dom.lock
73 silly lockFile 67cc7c68-act-router-dom-4-3-1-package-tgz tar:///root/.npm/react-router-dom/4.3.1/package.tgz
74 verbose lock tar:///root/.npm/react-router-dom/4.3.1/package.tgz /root/.npm/67cc7c68-act-router-dom-4-3-1-package-tgz.lock
75 silly gunzTarPerm modes [ '755', '644' ]
76 silly gunzTarPerm extractEntry package.json
77 silly gunzTarPerm extractEntry BrowserRouter.js
78 silly gunzTarPerm extractEntry generatePath.js
79 silly gunzTarPerm extractEntry HashRouter.js
80 silly gunzTarPerm extractEntry index.js
81 silly gunzTarPerm extractEntry Link.js
82 silly gunzTarPerm extractEntry matchPath.js
83 silly gunzTarPerm extractEntry MemoryRouter.js
84 silly gunzTarPerm extractEntry NavLink.js
85 silly gunzTarPerm extractEntry Prompt.js
86 silly gunzTarPerm extractEntry README.md
87 silly gunzTarPerm extractEntry Redirect.js
88 silly gunzTarPerm extractEntry Route.js
89 silly gunzTarPerm extractEntry Router.js
90 silly gunzTarPerm extractEntry StaticRouter.js
91 silly gunzTarPerm extractEntry Switch.js
92 silly gunzTarPerm extractEntry withRouter.js
93 silly gunzTarPerm extractEntry es/BrowserRouter.js
94 silly gunzTarPerm extractEntry es/generatePath.js
95 silly gunzTarPerm extractEntry es/HashRouter.js
96 silly gunzTarPerm extractEntry es/index.js
97 silly gunzTarPerm extractEntry es/Link.js
98 silly gunzTarPerm extractEntry es/matchPath.js
99 silly gunzTarPerm extractEntry es/MemoryRouter.js
100 silly gunzTarPerm extractEntry es/NavLink.js
101 silly gunzTarPerm extractEntry es/Prompt.js
102 silly gunzTarPerm extractEntry es/Redirect.js
103 silly gunzTarPerm extractEntry es/Route.js
104 silly gunzTarPerm extractEntry es/Router.js
105 silly gunzTarPerm extractEntry es/RouterContext.js
106 silly gunzTarPerm extractEntry es/StaticRouter.js
107 silly gunzTarPerm extractEntry es/Switch.js
108 silly gunzTarPerm extractEntry es/withRouter.js
109 silly gunzTarPerm extractEntry umd/react-router-dom.js
110 silly gunzTarPerm extractEntry umd/react-router-dom.min.js
111 silly lockFile 902c0228-ml-node-modules-react-router-dom tar:///var/www/html/node_modules/react-router-dom
112 silly lockFile 902c0228-ml-node-modules-react-router-dom tar:///var/www/html/node_modules/react-router-dom
113 silly lockFile 67cc7c68-act-router-dom-4-3-1-package-tgz tar:///root/.npm/react-router-dom/4.3.1/package.tgz
114 silly lockFile 67cc7c68-act-router-dom-4-3-1-package-tgz tar:///root/.npm/react-router-dom/4.3.1/package.tgz
115 info preinstall react-router-dom@4.3.1
116 verbose readDependencies using package.json deps
117 verbose readDependencies using package.json deps
118 silly resolved []
119 verbose about to build /var/www/html/node_modules/react-router-dom
120 info build /var/www/html/node_modules/react-router-dom
121 verbose linkStuff [ false, false, false, '/var/www/html/node_modules' ]
122 info linkStuff react-router-dom@4.3.1
123 verbose linkBins react-router-dom@4.3.1
124 verbose linkMans react-router-dom@4.3.1
125 verbose rebuildBundles react-router-dom@4.3.1
126 info install react-router-dom@4.3.1
127 info postinstall react-router-dom@4.3.1
128 error peerinvalid The package ajv does not satisfy its siblings' peerDependencies requirements!
128 error peerinvalid Peer ajv-keywords@3.2.0 wants ajv@^6.0.0
129 error System Linux 4.14.79-boot2docker
130 error command "/usr/bin/nodejs" "/usr/bin/npm" "install" "react-router-dom"
131 error cwd /var/www/html
132 error node -v v0.10.29
133 error npm -v 1.4.21
134 error code EPEERINVALID
135 verbose exit [ 1, true ]
